# JRE version: Java(TM) SE Runtime Environment (8.0_66-b18) (build 1.8.0_66-b18)
# Java VM: Java HotSpot(TM) 64-Bit Server VM (25.66-b18 mixed mode windows-amd64 compressed oops)
Heap:
 PSYoungGen      total 53760K, used 35401K [0x00000007bc400000, 0x00000007c0000000, 0x00000007c0000000)
  eden space 45568K, 71% used [0x00000007bc400000,0x00000007be3de6a0,0x00000007bf080000)
  from space 8192K, 33% used [0x00000007bf800000,0x00000007bfab3fa0,0x00000007c0000000)
  to   space 7680K, 0% used [0x00000007bf080000,0x00000007bf080000,0x00000007bf800000)
 ParOldGen       total 169472K, used 46309K [0x0000000700000000, 0x000000070a580000, 0x00000007bc400000)
  object space 169472K, 27% used [0x0000000700000000,0x0000000702d39610,0x000000070a580000)
 Metaspace       used 59320K, capacity 59682K, committed 60288K, reserved 1101824K
  class space    used 8414K, capacity 8513K, committed 8576K, reserved 1048576K
GC Heap History (10 events):
Event: 346.548 GC heap before
{Heap before GC invocations=45 (full 7):
 PSYoungGen      total 52224K, used 44755K [0x00000007bc400000, 0x00000007c0000000, 0x00000007c0000000)
  eden space 43008K, 100% used [0x00000007bc400000,0x00000007bee00000,0x00000007bee00000)
  from space 9216K, 18% used [0x00000007bee00000,0x00000007befb4e58,0x00000007bf700000)
  to   space 9216K, 0% used [0x00000007bf700000,0x00000007bf700000,0x00000007c0000000)
 ParOldGen       total 169472K, used 46285K [0x0000000700000000, 0x000000070a580000, 0x00000007bc400000)
  object space 169472K, 27% used [0x0000000700000000,0x0000000702d33610,0x000000070a580000)
 Metaspace       used 58793K, capacity 59266K, committed 59776K, reserved 1099776K
  class space    used 8356K, capacity 8481K, committed 8576K, reserved 1048576K
Event: 346.555 GC heap after
Heap after GC invocations=45 (full 7):
 PSYoungGen      total 52736K, used 2546K [0x00000007bc400000, 0x00000007c0000000, 0x00000007c0000000)
  eden space 43520K, 0% used [0x00000007bc400000,0x00000007bc400000,0x00000007bee80000)
  from space 9216K, 27% used [0x00000007bf700000,0x00000007bf97c900,0x00000007c0000000)
  to   space 8704K, 0% used [0x00000007bee80000,0x00000007bee80000,0x00000007bf700000)
 ParOldGen       total 169472K, used 46293K [0x0000000700000000, 0x000000070a580000, 0x00000007bc400000)
  object space 169472K, 27% used [0x0000000700000000,0x0000000702d35610,0x000000070a580000)
 Metaspace       used 58793K, capacity 59266K, committed 59776K, reserved 1099776K
  class space    used 8356K, capacity 8481K, committed 8576K, reserved 1048576K
}
Event: 351.750 GC heap before
{Heap before GC invocations=46 (full 7):
 PSYoungGen      total 52736K, used 46066K [0x00000007bc400000, 0x00000007c0000000, 0x00000007c0000000)
  eden space 43520K, 100% used [0x00000007bc400000,0x00000007bee80000,0x00000007bee80000)
  from space 9216K, 27% used [0x00000007bf700000,0x00000007bf97c900,0x00000007c0000000)
  to   space 8704K, 0% used [0x00000007bee80000,0x00000007bee80000,0x00000007bf700000)
 ParOldGen       total 169472K, used 46293K [0x0000000700000000, 0x000000070a580000, 0x00000007bc400000)
  object space 169472K, 27% used [0x0000000700000000,0x0000000702d35610,0x000000070a580000)
 Metaspace       used 58811K, capacity 59266K, committed 59776K, reserved 1099776K
  class space    used 8356K, capacity 8481K, committed 8576K, reserved 1048576K
Event: 351.763 GC heap after
Heap after GC invocations=46 (full 7):
 PSYoungGen      total 52224K, used 2409K [0x00000007bc400000, 0x00000007c0000000, 0x00000007c0000000)
  eden space 43520K, 0% used [0x00000007bc400000,0x00000007bc400000,0x00000007bee80000)
  from space 8704K, 27% used [0x00000007bee80000,0x00000007bf0da670,0x00000007bf700000)
  to   space 8704K, 0% used [0x00000007bf780000,0x00000007bf780000,0x00000007c0000000)
 ParOldGen       total 169472K, used 46293K [0x0000000700000000, 0x000000070a580000, 0x00000007bc400000)
  object space 169472K, 27% used [0x0000000700000000,0x0000000702d35610,0x000000070a580000)
 Metaspace       used 58811K, capacity 59266K, committed 59776K, reserved 1099776K
  class space    used 8356K, capacity 8481K, committed 8576K, reserved 1048576K
}
Event: 412.177 GC heap before
{Heap before GC invocations=47 (full 7):
 PSYoungGen      total 52224K, used 45929K [0x00000007bc400000, 0x00000007c0000000, 0x00000007c0000000)
  eden space 43520K, 100% used [0x00000007bc400000,0x00000007bee80000,0x00000007bee80000)
  from space 8704K, 27% used [0x00000007bee80000,0x00000007bf0da670,0x00000007bf700000)
  to   space 8704K, 0% used [0x00000007bf780000,0x00000007bf780000,0x00000007c0000000)
 ParOldGen       total 169472K, used 46293K [0x0000000700000000, 0x000000070a580000, 0x00000007bc400000)
  object space 169472K, 27% used [0x0000000700000000,0x0000000702d35610,0x000000070a580000)
 Metaspace       used 59023K, capacity 59426K, committed 60032K, reserved 1101824K
  class space    used 8412K, capacity 8513K, committed 8576K, reserved 1048576K
Event: 412.184 GC heap after
Heap after GC invocations=47 (full 7):
 PSYoungGen      total 53248K, used 2996K [0x00000007bc400000, 0x00000007c0000000, 0x00000007c0000000)
  eden space 44544K, 0% used [0x00000007bc400000,0x00000007bc400000,0x00000007bef80000)
  from space 8704K, 34% used [0x00000007bf780000,0x00000007bfa6d2e0,0x00000007c0000000)
  to   space 8192K, 0% used [0x00000007bef80000,0x00000007bef80000,0x00000007bf780000)
 ParOldGen       total 169472K, used 46301K [0x0000000700000000, 0x000000070a580000, 0x00000007bc400000)
  object space 169472K, 27% used [0x0000000700000000,0x0000000702d37610,0x000000070a580000)
 Metaspace       used 59023K, capacity 59426K, committed 60032K, reserved 1101824K
  class space    used 8412K, capacity 8513K, committed 8576K, reserved 1048576K
}
Event: 449.920 GC heap before
{Heap before GC invocations=48 (full 7):
 PSYoungGen      total 53248K, used 47540K [0x00000007bc400000, 0x00000007c0000000, 0x00000007c0000000)
  eden space 44544K, 100% used [0x00000007bc400000,0x00000007bef80000,0x00000007bef80000)
  from space 8704K, 34% used [0x00000007bf780000,0x00000007bfa6d2e0,0x00000007c0000000)
  to   space 8192K, 0% used [0x00000007bef80000,0x00000007bef80000,0x00000007bf780000)
 ParOldGen       total 169472K, used 46301K [0x0000000700000000, 0x000000070a580000, 0x00000007bc400000)
  object space 169472K, 27% used [0x0000000700000000,0x0000000702d37610,0x000000070a580000)
 Metaspace       used 59054K, capacity 59490K, committed 60032K, reserved 1101824K
  class space    used 8413K, capacity 8513K, committed 8576K, reserved 1048576K
Event: 449.927 GC heap after
Heap after GC invocations=48 (full 7):
 PSYoungGen      total 52736K, used 2654K [0x00000007bc400000, 0x00000007c0000000, 0x00000007c0000000)
  eden space 44544K, 0% used [0x00000007bc400000,0x00000007bc400000,0x00000007bef80000)
  from space 8192K, 32% used [0x00000007bef80000,0x00000007bf217b38,0x00000007bf780000)
  to   space 8192K, 0% used [0x00000007bf800000,0x00000007bf800000,0x00000007c0000000)
 ParOldGen       total 169472K, used 46301K [0x0000000700000000, 0x000000070a580000, 0x00000007bc400000)
  object space 169472K, 27% used [0x0000000700000000,0x0000000702d37610,0x000000070a580000)
 Metaspace       used 59054K, capacity 59490K, committed 60032K, reserved 1101824K
  class space    used 8413K, capacity 8513K, committed 8576K, reserved 1048576K
}
Event: 467.486 GC heap before
{Heap before GC invocations=49 (full 7):
 PSYoungGen      total 52736K, used 47198K [0x00000007bc400000, 0x00000007c0000000, 0x00000007c0000000)
  eden space 44544K, 100% used [0x00000007bc400000,0x00000007bef80000,0x00000007bef80000)
  from space 8192K, 32% used [0x00000007bef80000,0x00000007bf217b38,0x00000007bf780000)
  to   space 8192K, 0% used [0x00000007bf800000,0x00000007bf800000,0x00000007c0000000)
 ParOldGen       total 169472K, used 46301K [0x0000000700000000, 0x000000070a580000, 0x00000007bc400000)
  object space 169472K, 27% used [0x0000000700000000,0x0000000702d37610,0x000000070a580000)
 Metaspace       used 59244K, capacity 59682K, committed 60288K, reserved 1101824K
  class space    used 8413K, capacity 8513K, committed 8576K, reserved 1048576K
Event: 467.492 GC heap after
Heap after GC invocations=49 (full 7):
 PSYoungGen      total 53760K, used 2767K [0x00000007bc400000, 0x00000007c0000000, 0x00000007c0000000)
  eden space 45568K, 0% used [0x00000007bc400000,0x00000007bc400000,0x00000007bf080000)
  from space 8192K, 33% used [0x00000007bf800000,0x00000007bfab3fa0,0x00000007c0000000)
  to   space 7680K, 0% used [0x00000007bf080000,0x00000007bf080000,0x00000007bf800000)
 ParOldGen       total 169472K, used 46309K [0x0000000700000000, 0x000000070a580000, 0x00000007bc400000)
  object space 169472K, 27% used [0x0000000700000000,0x0000000702d39610,0x000000070a580000)
 Metaspace       used 59244K, capacity 59682K, committed 60288K, reserved 1101824K
  class space    used 8413K, capacity 8513K, committed 8576K, reserved 1048576K
}

